ERROR - 2022-03-26 04:48:20 --> Error connecting to the database: MySQL server has gone away
CRITICAL - 2022-03-26 04:48:20 --> Unable to connect to the database.
Main connection [MySQLi]: MySQL server has gone away
#0 C:\xampp1\htdocs\TC_Arena\system\Database\BaseConnection.php(577): CodeIgniter\Database\BaseConnection->initialize()
#1 C:\xampp1\htdocs\TC_Arena\system\Database\BaseBuilder.php(1455): CodeIgniter\Database\BaseConnection->query('SELECT *\nFROM `...', Array, false)
#2 C:\xampp1\htdocs\TC_Arena\system\Model.php(183): CodeIgniter\Database\BaseBuilder->get()
#3 C:\xampp1\htdocs\TC_Arena\system\BaseModel.php(584): CodeIgniter\Model->doFindAll(0, 0)
#4 C:\xampp1\htdocs\TC_Arena\app\Controllers\Bookingpage.php(14): CodeIgniter\BaseModel->findAll()
#5 C:\xampp1\htdocs\TC_Arena\system\CodeIgniter.php(825): App\Controllers\Bookingpage->bookingpage()
#6 C:\xampp1\htdocs\TC_Arena\system\CodeIgniter.php(412): CodeIgniter\CodeIgniter->runController(Object(App\Controllers\Bookingpage))
#7 C:\xampp1\htdocs\TC_Arena\system\CodeIgniter.php(320): CodeIgniter\CodeIgniter->handleRequest(NULL, Object(Config\Cache), false)
#8 C:\xampp1\htdocs\TC_Arena\public\index.php(37): CodeIgniter\CodeIgniter->run()
#9 C:\xampp1\htdocs\TC_Arena\system\Commands\Server\rewrite.php(43): require_once('C:\\xampp1\\htdoc...')
#10 {main}
ERROR - 2022-03-26 04:51:53 --> Error connecting to the database: Unknown database 'tc_arena'
CRITICAL - 2022-03-26 04:51:53 --> Unable to connect to the database.
Main connection [MySQLi]: Unknown database 'tc_arena'
#0 C:\xampp1\htdocs\TC_Arena\system\Database\BaseConnection.php(577): CodeIgniter\Database\BaseConnection->initialize()
#1 C:\xampp1\htdocs\TC_Arena\system\Database\BaseBuilder.php(1455): CodeIgniter\Database\BaseConnection->query('SELECT *\nFROM `...', Array, false)
#2 C:\xampp1\htdocs\TC_Arena\system\Model.php(183): CodeIgniter\Database\BaseBuilder->get()
#3 C:\xampp1\htdocs\TC_Arena\system\BaseModel.php(584): CodeIgniter\Model->doFindAll(0, 0)
#4 C:\xampp1\htdocs\TC_Arena\app\Controllers\Bookingpage.php(14): CodeIgniter\BaseModel->findAll()
#5 C:\xampp1\htdocs\TC_Arena\system\CodeIgniter.php(825): App\Controllers\Bookingpage->bookingpage()
#6 C:\xampp1\htdocs\TC_Arena\system\CodeIgniter.php(412): CodeIgniter\CodeIgniter->runController(Object(App\Controllers\Bookingpage))
#7 C:\xampp1\htdocs\TC_Arena\system\CodeIgniter.php(320): CodeIgniter\CodeIgniter->handleRequest(NULL, Object(Config\Cache), false)
#8 C:\xampp1\htdocs\TC_Arena\public\index.php(37): CodeIgniter\CodeIgniter->run()
#9 C:\xampp1\htdocs\TC_Arena\system\Commands\Server\rewrite.php(43): require_once('C:\\xampp1\\htdoc...')
#10 {main}
CRITICAL - 2022-03-26 05:24:38 --> Illegal string offset 'T_id'
#0 C:\xampp1\htdocs\TC_Arena\app\Views\edit_admin.php(55): CodeIgniter\Debug\Exceptions->errorHandler(2, 'Illegal string ...', 'C:\\xampp1\\htdoc...', 55, Array)
#1 C:\xampp1\htdocs\TC_Arena\system\View\View.php(210): include('C:\\xampp1\\htdoc...')
#2 C:\xampp1\htdocs\TC_Arena\system\View\View.php(213): CodeIgniter\View\View->CodeIgniter\View\{closure}()
#3 C:\xampp1\htdocs\TC_Arena\system\Common.php(1089): CodeIgniter\View\View->render('edit_admin', Array, true)
#4 C:\xampp1\htdocs\TC_Arena\app\Controllers\Index_admin.php(39): view('edit_admin', Array)
#5 C:\xampp1\htdocs\TC_Arena\system\CodeIgniter.php(825): App\Controllers\index_admin->edit_admin('1')
#6 C:\xampp1\htdocs\TC_Arena\system\CodeIgniter.php(412): CodeIgniter\CodeIgniter->runController(Object(App\Controllers\index_admin))
#7 C:\xampp1\htdocs\TC_Arena\system\CodeIgniter.php(320): CodeIgniter\CodeIgniter->handleRequest(NULL, Object(Config\Cache), false)
#8 C:\xampp1\htdocs\TC_Arena\public\index.php(37): CodeIgniter\CodeIgniter->run()
#9 C:\xampp1\htdocs\TC_Arena\system\Commands\Server\rewrite.php(43): require_once('C:\\xampp1\\htdoc...')
#10 {main}
CRITICAL - 2022-03-26 05:24:42 --> Illegal string offset 'T_id'
#0 C:\xampp1\htdocs\TC_Arena\app\Views\edit_admin.php(55): CodeIgniter\Debug\Exceptions->errorHandler(2, 'Illegal string ...', 'C:\\xampp1\\htdoc...', 55, Array)
#1 C:\xampp1\htdocs\TC_Arena\system\View\View.php(210): include('C:\\xampp1\\htdoc...')
#2 C:\xampp1\htdocs\TC_Arena\system\View\View.php(213): CodeIgniter\View\View->CodeIgniter\View\{closure}()
#3 C:\xampp1\htdocs\TC_Arena\system\Common.php(1089): CodeIgniter\View\View->render('edit_admin', Array, true)
#4 C:\xampp1\htdocs\TC_Arena\app\Controllers\Index_admin.php(39): view('edit_admin', Array)
#5 C:\xampp1\htdocs\TC_Arena\system\CodeIgniter.php(825): App\Controllers\index_admin->edit_admin('1')
#6 C:\xampp1\htdocs\TC_Arena\system\CodeIgniter.php(412): CodeIgniter\CodeIgniter->runController(Object(App\Controllers\index_admin))
#7 C:\xampp1\htdocs\TC_Arena\system\CodeIgniter.php(320): CodeIgniter\CodeIgniter->handleRequest(NULL, Object(Config\Cache), false)
#8 C:\xampp1\htdocs\TC_Arena\public\index.php(37): CodeIgniter\CodeIgniter->run()
#9 C:\xampp1\htdocs\TC_Arena\system\Commands\Server\rewrite.php(43): require_once('C:\\xampp1\\htdoc...')
#10 {main}
CRITICAL - 2022-03-26 05:28:24 --> The original file is not a valid file.
#0 C:\xampp1\htdocs\TC_Arena\system\HTTP\Files\UploadedFile.php(137): CodeIgniter\HTTP\Exceptions\HTTPException::forInvalidFile()
#1 C:\xampp1\htdocs\TC_Arena\app\Controllers\Index_admin.php(47): CodeIgniter\HTTP\Files\UploadedFile->move('../public/admin...', '1648290504_618c...')
#2 C:\xampp1\htdocs\TC_Arena\system\CodeIgniter.php(825): App\Controllers\index_admin->update()
#3 C:\xampp1\htdocs\TC_Arena\system\CodeIgniter.php(412): CodeIgniter\CodeIgniter->runController(Object(App\Controllers\index_admin))
#4 C:\xampp1\htdocs\TC_Arena\system\CodeIgniter.php(320): CodeIgniter\CodeIgniter->handleRequest(NULL, Object(Config\Cache), false)
#5 C:\xampp1\htdocs\TC_Arena\public\index.php(37): CodeIgniter\CodeIgniter->run()
#6 C:\xampp1\htdocs\TC_Arena\system\Commands\Server\rewrite.php(43): require_once('C:\\xampp1\\htdoc...')
#7 {main}
CRITICAL - 2022-03-26 05:30:54 --> Illegal string offset 'T_name'
#0 C:\xampp1\htdocs\TC_Arena\app\Views\edit_admin.php(34): CodeIgniter\Debug\Exceptions->errorHandler(2, 'Illegal string ...', 'C:\\xampp1\\htdoc...', 34, Array)
#1 C:\xampp1\htdocs\TC_Arena\system\View\View.php(210): include('C:\\xampp1\\htdoc...')
#2 C:\xampp1\htdocs\TC_Arena\system\View\View.php(213): CodeIgniter\View\View->CodeIgniter\View\{closure}()
#3 C:\xampp1\htdocs\TC_Arena\system\Common.php(1089): CodeIgniter\View\View->render('edit_admin', Array, true)
#4 C:\xampp1\htdocs\TC_Arena\app\Controllers\Index_admin.php(39): view('edit_admin', Array)
#5 C:\xampp1\htdocs\TC_Arena\system\CodeIgniter.php(825): App\Controllers\index_admin->edit_admin('1')
#6 C:\xampp1\htdocs\TC_Arena\system\CodeIgniter.php(412): CodeIgniter\CodeIgniter->runController(Object(App\Controllers\index_admin))
#7 C:\xampp1\htdocs\TC_Arena\system\CodeIgniter.php(320): CodeIgniter\CodeIgniter->handleRequest(NULL, Object(Config\Cache), false)
#8 C:\xampp1\htdocs\TC_Arena\public\index.php(37): CodeIgniter\CodeIgniter->run()
#9 C:\xampp1\htdocs\TC_Arena\system\Commands\Server\rewrite.php(43): require_once('C:\\xampp1\\htdoc...')
#10 {main}
CRITICAL - 2022-03-26 05:31:07 --> Illegal string offset 'Type'
#0 C:\xampp1\htdocs\TC_Arena\app\Views\edit_admin.php(34): CodeIgniter\Debug\Exceptions->errorHandler(2, 'Illegal string ...', 'C:\\xampp1\\htdoc...', 34, Array)
#1 C:\xampp1\htdocs\TC_Arena\system\View\View.php(210): include('C:\\xampp1\\htdoc...')
#2 C:\xampp1\htdocs\TC_Arena\system\View\View.php(213): CodeIgniter\View\View->CodeIgniter\View\{closure}()
#3 C:\xampp1\htdocs\TC_Arena\system\Common.php(1089): CodeIgniter\View\View->render('edit_admin', Array, true)
#4 C:\xampp1\htdocs\TC_Arena\app\Controllers\Index_admin.php(39): view('edit_admin', Array)
#5 C:\xampp1\htdocs\TC_Arena\system\CodeIgniter.php(825): App\Controllers\index_admin->edit_admin('1')
#6 C:\xampp1\htdocs\TC_Arena\system\CodeIgniter.php(412): CodeIgniter\CodeIgniter->runController(Object(App\Controllers\index_admin))
#7 C:\xampp1\htdocs\TC_Arena\system\CodeIgniter.php(320): CodeIgniter\CodeIgniter->handleRequest(NULL, Object(Config\Cache), false)
#8 C:\xampp1\htdocs\TC_Arena\public\index.php(37): CodeIgniter\CodeIgniter->run()
#9 C:\xampp1\htdocs\TC_Arena\system\Commands\Server\rewrite.php(43): require_once('C:\\xampp1\\htdoc...')
#10 {main}
CRITICAL - 2022-03-26 05:31:35 --> Illegal string offset 'Type'
#0 C:\xampp1\htdocs\TC_Arena\app\Views\edit_admin.php(34): CodeIgniter\Debug\Exceptions->errorHandler(2, 'Illegal string ...', 'C:\\xampp1\\htdoc...', 34, Array)
#1 C:\xampp1\htdocs\TC_Arena\system\View\View.php(210): include('C:\\xampp1\\htdoc...')
#2 C:\xampp1\htdocs\TC_Arena\system\View\View.php(213): CodeIgniter\View\View->CodeIgniter\View\{closure}()
#3 C:\xampp1\htdocs\TC_Arena\system\Common.php(1089): CodeIgniter\View\View->render('edit_admin', Array, true)
#4 C:\xampp1\htdocs\TC_Arena\app\Controllers\Index_admin.php(39): view('edit_admin', Array)
#5 C:\xampp1\htdocs\TC_Arena\system\CodeIgniter.php(825): App\Controllers\index_admin->edit_admin('2')
#6 C:\xampp1\htdocs\TC_Arena\system\CodeIgniter.php(412): CodeIgniter\CodeIgniter->runController(Object(App\Controllers\index_admin))
#7 C:\xampp1\htdocs\TC_Arena\system\CodeIgniter.php(320): CodeIgniter\CodeIgniter->handleRequest(NULL, Object(Config\Cache), false)
#8 C:\xampp1\htdocs\TC_Arena\public\index.php(37): CodeIgniter\CodeIgniter->run()
#9 C:\xampp1\htdocs\TC_Arena\system\Commands\Server\rewrite.php(43): require_once('C:\\xampp1\\htdoc...')
#10 {main}
CRITICAL - 2022-03-26 05:32:00 --> Illegal string offset 'person'
#0 C:\xampp1\htdocs\TC_Arena\app\Views\edit_admin.php(40): CodeIgniter\Debug\Exceptions->errorHandler(2, 'Illegal string ...', 'C:\\xampp1\\htdoc...', 40, Array)
#1 C:\xampp1\htdocs\TC_Arena\system\View\View.php(210): include('C:\\xampp1\\htdoc...')
#2 C:\xampp1\htdocs\TC_Arena\system\View\View.php(213): CodeIgniter\View\View->CodeIgniter\View\{closure}()
#3 C:\xampp1\htdocs\TC_Arena\system\Common.php(1089): CodeIgniter\View\View->render('edit_admin', Array, true)
#4 C:\xampp1\htdocs\TC_Arena\app\Controllers\Index_admin.php(39): view('edit_admin', Array)
#5 C:\xampp1\htdocs\TC_Arena\system\CodeIgniter.php(825): App\Controllers\index_admin->edit_admin('1')
#6 C:\xampp1\htdocs\TC_Arena\system\CodeIgniter.php(412): CodeIgniter\CodeIgniter->runController(Object(App\Controllers\index_admin))
#7 C:\xampp1\htdocs\TC_Arena\system\CodeIgniter.php(320): CodeIgniter\CodeIgniter->handleRequest(NULL, Object(Config\Cache), false)
#8 C:\xampp1\htdocs\TC_Arena\public\index.php(37): CodeIgniter\CodeIgniter->run()
#9 C:\xampp1\htdocs\TC_Arena\system\Commands\Server\rewrite.php(43): require_once('C:\\xampp1\\htdoc...')
#10 {main}
CRITICAL - 2022-03-26 05:35:34 --> Illegal string offset 'Type'
#0 C:\xampp1\htdocs\TC_Arena\app\Views\edit_admin.php(34): CodeIgniter\Debug\Exceptions->errorHandler(2, 'Illegal string ...', 'C:\\xampp1\\htdoc...', 34, Array)
#1 C:\xampp1\htdocs\TC_Arena\system\View\View.php(210): include('C:\\xampp1\\htdoc...')
#2 C:\xampp1\htdocs\TC_Arena\system\View\View.php(213): CodeIgniter\View\View->CodeIgniter\View\{closure}()
#3 C:\xampp1\htdocs\TC_Arena\system\Common.php(1089): CodeIgniter\View\View->render('edit_admin', Array, true)
#4 C:\xampp1\htdocs\TC_Arena\app\Controllers\Index_admin.php(39): view('edit_admin', Array)
#5 C:\xampp1\htdocs\TC_Arena\system\CodeIgniter.php(825): App\Controllers\index_admin->edit_admin('1')
#6 C:\xampp1\htdocs\TC_Arena\system\CodeIgniter.php(412): CodeIgniter\CodeIgniter->runController(Object(App\Controllers\index_admin))
#7 C:\xampp1\htdocs\TC_Arena\system\CodeIgniter.php(320): CodeIgniter\CodeIgniter->handleRequest(NULL, Object(Config\Cache), false)
#8 C:\xampp1\htdocs\TC_Arena\public\index.php(37): CodeIgniter\CodeIgniter->run()
#9 C:\xampp1\htdocs\TC_Arena\system\Commands\Server\rewrite.php(43): require_once('C:\\xampp1\\htdoc...')
#10 {main}
CRITICAL - 2022-03-26 05:35:47 --> Illegal string offset 'Type'
#0 C:\xampp1\htdocs\TC_Arena\app\Views\edit_admin.php(34): CodeIgniter\Debug\Exceptions->errorHandler(2, 'Illegal string ...', 'C:\\xampp1\\htdoc...', 34, Array)
#1 C:\xampp1\htdocs\TC_Arena\system\View\View.php(210): include('C:\\xampp1\\htdoc...')
#2 C:\xampp1\htdocs\TC_Arena\system\View\View.php(213): CodeIgniter\View\View->CodeIgniter\View\{closure}()
#3 C:\xampp1\htdocs\TC_Arena\system\Common.php(1089): CodeIgniter\View\View->render('edit_admin', Array, true)
#4 C:\xampp1\htdocs\TC_Arena\app\Controllers\Index_admin.php(39): view('edit_admin', Array)
#5 C:\xampp1\htdocs\TC_Arena\system\CodeIgniter.php(825): App\Controllers\index_admin->edit_admin('1')
#6 C:\xampp1\htdocs\TC_Arena\system\CodeIgniter.php(412): CodeIgniter\CodeIgniter->runController(Object(App\Controllers\index_admin))
#7 C:\xampp1\htdocs\TC_Arena\system\CodeIgniter.php(320): CodeIgniter\CodeIgniter->handleRequest(NULL, Object(Config\Cache), false)
#8 C:\xampp1\htdocs\TC_Arena\public\index.php(37): CodeIgniter\CodeIgniter->run()
#9 C:\xampp1\htdocs\TC_Arena\system\Commands\Server\rewrite.php(43): require_once('C:\\xampp1\\htdoc...')
#10 {main}
ERROR - 2022-03-26 05:46:13 --> Cannot add or update a child row: a foreign key constraint fails (`tc_arena`.`field`, CONSTRAINT `field_ibfk_2` FOREIGN KEY (`Promotion`) REFERENCES `promotion` (`p_id`))
ERROR - 2022-03-26 05:46:49 --> Cannot add or update a child row: a foreign key constraint fails (`tc_arena`.`field`, CONSTRAINT `field_ibfk_2` FOREIGN KEY (`Promotion`) REFERENCES `promotion` (`p_id`))
ERROR - 2022-03-26 05:47:51 --> Cannot add or update a child row: a foreign key constraint fails (`tc_arena`.`field`, CONSTRAINT `field_ibfk_2` FOREIGN KEY (`Promotion`) REFERENCES `promotion` (`p_id`))
ERROR - 2022-03-26 05:49:14 --> Cannot add or update a child row: a foreign key constraint fails (`tc_arena`.`field`, CONSTRAINT `field_ibfk_2` FOREIGN KEY (`Promotion`) REFERENCES `promotion` (`p_id`))
ERROR - 2022-03-26 06:02:48 --> Cannot add or update a child row: a foreign key constraint fails (`tc_arena`.`field`, CONSTRAINT `field_ibfk_2` FOREIGN KEY (`Promotion`) REFERENCES `promotion` (`p_id`))
ERROR - 2022-03-26 06:05:46 --> Cannot add or update a child row: a foreign key constraint fails (`tc_arena`.`field`, CONSTRAINT `field_ibfk_1` FOREIGN KEY (`Type`) REFERENCES `type` (`T_id`))
ERROR - 2022-03-26 06:05:57 --> Cannot add or update a child row: a foreign key constraint fails (`tc_arena`.`field`, CONSTRAINT `field_ibfk_1` FOREIGN KEY (`Type`) REFERENCES `type` (`T_id`))
ERROR - 2022-03-26 06:08:45 --> Cannot add or update a child row: a foreign key constraint fails (`tc_arena`.`field`, CONSTRAINT `field_ibfk_2` FOREIGN KEY (`Promotion`) REFERENCES `promotion` (`p_id`))
ERROR - 2022-03-26 06:10:52 --> Cannot add or update a child row: a foreign key constraint fails (`tc_arena`.`field`, CONSTRAINT `field_ibfk_2` FOREIGN KEY (`Promotion`) REFERENCES `promotion` (`p_id`))
ERROR - 2022-03-26 06:11:34 --> Cannot add or update a child row: a foreign key constraint fails (`tc_arena`.`field`, CONSTRAINT `field_ibfk_1` FOREIGN KEY (`Type`) REFERENCES `type` (`T_id`))
ERROR - 2022-03-26 06:14:38 --> Cannot add or update a child row: a foreign key constraint fails (`tc_arena`.`field`, CONSTRAINT `field_ibfk_1` FOREIGN KEY (`Type`) REFERENCES `type` (`T_id`))
CRITICAL - 2022-03-26 06:38:24 --> The original file is not a valid file.
#0 C:\xampp1\htdocs\TC_Arena\system\HTTP\Files\UploadedFile.php(137): CodeIgniter\HTTP\Exceptions\HTTPException::forInvalidFile()
#1 C:\xampp1\htdocs\TC_Arena\app\Controllers\Index_admin.php(47): CodeIgniter\HTTP\Files\UploadedFile->move('../public/admin...', '1648294704_f305...')
#2 C:\xampp1\htdocs\TC_Arena\system\CodeIgniter.php(825): App\Controllers\index_admin->update()
#3 C:\xampp1\htdocs\TC_Arena\system\CodeIgniter.php(412): CodeIgniter\CodeIgniter->runController(Object(App\Controllers\index_admin))
#4 C:\xampp1\htdocs\TC_Arena\system\CodeIgniter.php(320): CodeIgniter\CodeIgniter->handleRequest(NULL, Object(Config\Cache), false)
#5 C:\xampp1\htdocs\TC_Arena\public\index.php(37): CodeIgniter\CodeIgniter->run()
#6 C:\xampp1\htdocs\TC_Arena\system\Commands\Server\rewrite.php(43): require_once('C:\\xampp1\\htdoc...')
#7 {main}
CRITICAL - 2022-03-26 06:47:07 --> The original file is not a valid file.
#0 C:\xampp1\htdocs\TC_Arena\system\HTTP\Files\UploadedFile.php(137): CodeIgniter\HTTP\Exceptions\HTTPException::forInvalidFile()
#1 C:\xampp1\htdocs\TC_Arena\app\Controllers\Index_admin.php(48): CodeIgniter\HTTP\Files\UploadedFile->move('../public/admin...', '1648295227_953e...')
#2 C:\xampp1\htdocs\TC_Arena\system\CodeIgniter.php(825): App\Controllers\index_admin->update()
#3 C:\xampp1\htdocs\TC_Arena\system\CodeIgniter.php(412): CodeIgniter\CodeIgniter->runController(Object(App\Controllers\index_admin))
#4 C:\xampp1\htdocs\TC_Arena\system\CodeIgniter.php(320): CodeIgniter\CodeIgniter->handleRequest(NULL, Object(Config\Cache), false)
#5 C:\xampp1\htdocs\TC_Arena\public\index.php(37): CodeIgniter\CodeIgniter->run()
#6 C:\xampp1\htdocs\TC_Arena\system\Commands\Server\rewrite.php(43): require_once('C:\\xampp1\\htdoc...')
#7 {main}
ERROR - 2022-03-26 09:42:21 --> Cannot add or update a child row: a foreign key constraint fails (`tc_arena`.`field`, CONSTRAINT `field_ibfk_2` FOREIGN KEY (`Promotion`) REFERENCES `promotion` (`p_id`))
ERROR - 2022-03-26 09:42:27 --> Cannot add or update a child row: a foreign key constraint fails (`tc_arena`.`field`, CONSTRAINT `field_ibfk_2` FOREIGN KEY (`Promotion`) REFERENCES `promotion` (`p_id`))
ERROR - 2022-03-26 09:43:17 --> Cannot add or update a child row: a foreign key constraint fails (`tc_arena`.`field`, CONSTRAINT `field_ibfk_2` FOREIGN KEY (`Promotion`) REFERENCES `promotion` (`p_id`))
