ERROR - 2022-01-25 07:23:52 --> Error connecting to the database: No connection could be made because the target machine actively refused it.

CRITICAL - 2022-01-25 07:23:52 --> Unable to connect to the database.
Main connection [MySQLi]: No connection could be made because the target machine actively refused it.

#0 C:\xampp1\htdocs\TC_Arena\system\Database\BaseConnection.php(577): CodeIgniter\Database\BaseConnection->initialize()
#1 C:\xampp1\htdocs\TC_Arena\system\Database\BaseBuilder.php(1455): CodeIgniter\Database\BaseConnection->query('SELECT *\nFROM `...', Array, false)
#2 C:\xampp1\htdocs\TC_Arena\system\Model.php(210): CodeIgniter\Database\BaseBuilder->get()
#3 C:\xampp1\htdocs\TC_Arena\system\BaseModel.php(622): CodeIgniter\Model->doFirst()
#4 C:\xampp1\htdocs\TC_Arena\app\Controllers\Login.php(18): CodeIgniter\BaseModel->first()
#5 C:\xampp1\htdocs\TC_Arena\system\CodeIgniter.php(825): App\Controllers\Login->auth()
#6 C:\xampp1\htdocs\TC_Arena\system\CodeIgniter.php(412): CodeIgniter\CodeIgniter->runController(Object(App\Controllers\Login))
#7 C:\xampp1\htdocs\TC_Arena\system\CodeIgniter.php(320): CodeIgniter\CodeIgniter->handleRequest(NULL, Object(Config\Cache), false)
#8 C:\xampp1\htdocs\TC_Arena\public\index.php(37): CodeIgniter\CodeIgniter->run()
#9 C:\xampp1\htdocs\TC_Arena\system\Commands\Server\rewrite.php(43): require_once('C:\\xampp1\\htdoc...')
#10 {main}
ERROR - 2022-01-25 07:24:19 --> MySQL server has gone away
CRITICAL - 2022-01-25 07:24:19 --> Call to a member function getFirstRow() on bool
#0 C:\xampp1\htdocs\TC_Arena\system\BaseModel.php(622): CodeIgniter\Model->doFirst()
#1 C:\xampp1\htdocs\TC_Arena\app\Controllers\Login.php(18): CodeIgniter\BaseModel->first()
#2 C:\xampp1\htdocs\TC_Arena\system\CodeIgniter.php(825): App\Controllers\Login->auth()
#3 C:\xampp1\htdocs\TC_Arena\system\CodeIgniter.php(412): CodeIgniter\CodeIgniter->runController(Object(App\Controllers\Login))
#4 C:\xampp1\htdocs\TC_Arena\system\CodeIgniter.php(320): CodeIgniter\CodeIgniter->handleRequest(NULL, Object(Config\Cache), false)
#5 C:\xampp1\htdocs\TC_Arena\public\index.php(37): CodeIgniter\CodeIgniter->run()
#6 C:\xampp1\htdocs\TC_Arena\system\Commands\Server\rewrite.php(43): require_once('C:\\xampp1\\htdoc...')
#7 {main}
ERROR - 2022-01-25 07:24:40 --> Error connecting to the database: No connection could be made because the target machine actively refused it.

CRITICAL - 2022-01-25 07:24:40 --> Unable to connect to the database.
Main connection [MySQLi]: No connection could be made because the target machine actively refused it.

#0 C:\xampp1\htdocs\TC_Arena\system\Database\BaseConnection.php(577): CodeIgniter\Database\BaseConnection->initialize()
#1 C:\xampp1\htdocs\TC_Arena\system\Database\BaseBuilder.php(1455): CodeIgniter\Database\BaseConnection->query('SELECT *\nFROM `...', Array, false)
#2 C:\xampp1\htdocs\TC_Arena\system\Model.php(210): CodeIgniter\Database\BaseBuilder->get()
#3 C:\xampp1\htdocs\TC_Arena\system\BaseModel.php(622): CodeIgniter\Model->doFirst()
#4 C:\xampp1\htdocs\TC_Arena\app\Controllers\Login.php(18): CodeIgniter\BaseModel->first()
#5 C:\xampp1\htdocs\TC_Arena\system\CodeIgniter.php(825): App\Controllers\Login->auth()
#6 C:\xampp1\htdocs\TC_Arena\system\CodeIgniter.php(412): CodeIgniter\CodeIgniter->runController(Object(App\Controllers\Login))
#7 C:\xampp1\htdocs\TC_Arena\system\CodeIgniter.php(320): CodeIgniter\CodeIgniter->handleRequest(NULL, Object(Config\Cache), false)
#8 C:\xampp1\htdocs\TC_Arena\public\index.php(37): CodeIgniter\CodeIgniter->run()
#9 C:\xampp1\htdocs\TC_Arena\system\Commands\Server\rewrite.php(43): require_once('C:\\xampp1\\htdoc...')
#10 {main}
CRITICAL - 2022-01-25 07:49:44 --> Call to a member function get() on null
#0 C:\xampp1\htdocs\TC_Arena\system\View\View.php(210): include()
#1 C:\xampp1\htdocs\TC_Arena\system\View\View.php(213): CodeIgniter\View\View->CodeIgniter\View\{closure}()
#2 C:\xampp1\htdocs\TC_Arena\system\Common.php(1089): CodeIgniter\View\View->render('editprofile', Array, true)
#3 C:\xampp1\htdocs\TC_Arena\app\Controllers\Editprofile.php(11): view('editprofile', Array)
#4 C:\xampp1\htdocs\TC_Arena\system\CodeIgniter.php(825): App\Controllers\Editprofile->editprofile()
#5 C:\xampp1\htdocs\TC_Arena\system\CodeIgniter.php(412): CodeIgniter\CodeIgniter->runController(Object(App\Controllers\Editprofile))
#6 C:\xampp1\htdocs\TC_Arena\system\CodeIgniter.php(320): CodeIgniter\CodeIgniter->handleRequest(NULL, Object(Config\Cache), false)
#7 C:\xampp1\htdocs\TC_Arena\public\index.php(37): CodeIgniter\CodeIgniter->run()
#8 C:\xampp1\htdocs\TC_Arena\system\Commands\Server\rewrite.php(43): require_once('C:\\xampp1\\htdoc...')
#9 {main}
CRITICAL - 2022-01-25 07:54:47 --> Call to a member function get() on null
#0 C:\xampp1\htdocs\TC_Arena\system\View\View.php(210): include()
#1 C:\xampp1\htdocs\TC_Arena\system\View\View.php(213): CodeIgniter\View\View->CodeIgniter\View\{closure}()
#2 C:\xampp1\htdocs\TC_Arena\system\Common.php(1089): CodeIgniter\View\View->render('editprofile', Array, true)
#3 C:\xampp1\htdocs\TC_Arena\app\Controllers\Editprofile.php(11): view('editprofile', Array)
#4 C:\xampp1\htdocs\TC_Arena\system\CodeIgniter.php(825): App\Controllers\Editprofile->editprofile()
#5 C:\xampp1\htdocs\TC_Arena\system\CodeIgniter.php(412): CodeIgniter\CodeIgniter->runController(Object(App\Controllers\Editprofile))
#6 C:\xampp1\htdocs\TC_Arena\system\CodeIgniter.php(320): CodeIgniter\CodeIgniter->handleRequest(NULL, Object(Config\Cache), false)
#7 C:\xampp1\htdocs\TC_Arena\public\index.php(37): CodeIgniter\CodeIgniter->run()
#8 C:\xampp1\htdocs\TC_Arena\system\Commands\Server\rewrite.php(43): require_once('C:\\xampp1\\htdoc...')
#9 {main}
CRITICAL - 2022-01-25 09:22:22 --> Assignments can only happen to writable values
#0 [internal function]: CodeIgniter\Debug\Exceptions->shutdownHandler()
#1 {main}
CRITICAL - 2022-01-25 09:24:31 --> Assignments can only happen to writable values
#0 [internal function]: CodeIgniter\Debug\Exceptions->shutdownHandler()
#1 {main}
CRITICAL - 2022-01-25 15:14:12 --> Call to undefined function set_value()
#0 C:\xampp1\htdocs\TC_Arena\system\View\View.php(210): include()
#1 C:\xampp1\htdocs\TC_Arena\system\View\View.php(213): CodeIgniter\View\View->CodeIgniter\View\{closure}()
#2 C:\xampp1\htdocs\TC_Arena\system\Common.php(1089): CodeIgniter\View\View->render('update', Array, true)
#3 C:\xampp1\htdocs\TC_Arena\app\Controllers\Update.php(15): view('update', Array)
#4 C:\xampp1\htdocs\TC_Arena\system\CodeIgniter.php(825): App\Controllers\Update->index()
#5 C:\xampp1\htdocs\TC_Arena\system\CodeIgniter.php(412): CodeIgniter\CodeIgniter->runController(Object(App\Controllers\Update))
#6 C:\xampp1\htdocs\TC_Arena\system\CodeIgniter.php(320): CodeIgniter\CodeIgniter->handleRequest(NULL, Object(Config\Cache), false)
#7 C:\xampp1\htdocs\TC_Arena\public\index.php(37): CodeIgniter\CodeIgniter->run()
#8 C:\xampp1\htdocs\TC_Arena\system\Commands\Server\rewrite.php(43): require_once('C:\\xampp1\\htdoc...')
#9 {main}
CRITICAL - 2022-01-25 15:17:49 --> Call to undefined function set_value()
#0 C:\xampp1\htdocs\TC_Arena\system\View\View.php(210): include()
#1 C:\xampp1\htdocs\TC_Arena\system\View\View.php(213): CodeIgniter\View\View->CodeIgniter\View\{closure}()
#2 C:\xampp1\htdocs\TC_Arena\system\Common.php(1089): CodeIgniter\View\View->render('update', Array, true)
#3 C:\xampp1\htdocs\TC_Arena\app\Controllers\Update.php(15): view('update', Array)
#4 C:\xampp1\htdocs\TC_Arena\system\CodeIgniter.php(825): App\Controllers\Update->index()
#5 C:\xampp1\htdocs\TC_Arena\system\CodeIgniter.php(412): CodeIgniter\CodeIgniter->runController(Object(App\Controllers\Update))
#6 C:\xampp1\htdocs\TC_Arena\system\CodeIgniter.php(320): CodeIgniter\CodeIgniter->handleRequest(NULL, Object(Config\Cache), false)
#7 C:\xampp1\htdocs\TC_Arena\public\index.php(37): CodeIgniter\CodeIgniter->run()
#8 C:\xampp1\htdocs\TC_Arena\system\Commands\Server\rewrite.php(43): require_once('C:\\xampp1\\htdoc...')
#9 {main}
CRITICAL - 2022-01-25 15:18:47 --> Call to undefined function set_value()
#0 C:\xampp1\htdocs\TC_Arena\system\View\View.php(210): include()
#1 C:\xampp1\htdocs\TC_Arena\system\View\View.php(213): CodeIgniter\View\View->CodeIgniter\View\{closure}()
#2 C:\xampp1\htdocs\TC_Arena\system\Common.php(1089): CodeIgniter\View\View->render('update', Array, true)
#3 C:\xampp1\htdocs\TC_Arena\app\Controllers\Update.php(15): view('update', Array)
#4 C:\xampp1\htdocs\TC_Arena\system\CodeIgniter.php(825): App\Controllers\Update->index()
#5 C:\xampp1\htdocs\TC_Arena\system\CodeIgniter.php(412): CodeIgniter\CodeIgniter->runController(Object(App\Controllers\Update))
#6 C:\xampp1\htdocs\TC_Arena\system\CodeIgniter.php(320): CodeIgniter\CodeIgniter->handleRequest(NULL, Object(Config\Cache), false)
#7 C:\xampp1\htdocs\TC_Arena\public\index.php(37): CodeIgniter\CodeIgniter->run()
#8 C:\xampp1\htdocs\TC_Arena\system\Commands\Server\rewrite.php(43): require_once('C:\\xampp1\\htdoc...')
#9 {main}
CRITICAL - 2022-01-25 15:18:53 --> Call to undefined function set_value()
#0 C:\xampp1\htdocs\TC_Arena\system\View\View.php(210): include()
#1 C:\xampp1\htdocs\TC_Arena\system\View\View.php(213): CodeIgniter\View\View->CodeIgniter\View\{closure}()
#2 C:\xampp1\htdocs\TC_Arena\system\Common.php(1089): CodeIgniter\View\View->render('update', Array, true)
#3 C:\xampp1\htdocs\TC_Arena\app\Controllers\Update.php(15): view('update', Array)
#4 C:\xampp1\htdocs\TC_Arena\system\CodeIgniter.php(825): App\Controllers\Update->index()
#5 C:\xampp1\htdocs\TC_Arena\system\CodeIgniter.php(412): CodeIgniter\CodeIgniter->runController(Object(App\Controllers\Update))
#6 C:\xampp1\htdocs\TC_Arena\system\CodeIgniter.php(320): CodeIgniter\CodeIgniter->handleRequest(NULL, Object(Config\Cache), false)
#7 C:\xampp1\htdocs\TC_Arena\public\index.php(37): CodeIgniter\CodeIgniter->run()
#8 C:\xampp1\htdocs\TC_Arena\system\Commands\Server\rewrite.php(43): require_once('C:\\xampp1\\htdoc...')
#9 {main}
CRITICAL - 2022-01-25 15:20:00 --> Call to undefined function set_value()
#0 C:\xampp1\htdocs\TC_Arena\system\View\View.php(210): include()
#1 C:\xampp1\htdocs\TC_Arena\system\View\View.php(213): CodeIgniter\View\View->CodeIgniter\View\{closure}()
#2 C:\xampp1\htdocs\TC_Arena\system\Common.php(1089): CodeIgniter\View\View->render('update', Array, true)
#3 C:\xampp1\htdocs\TC_Arena\app\Controllers\Update.php(15): view('update', Array)
#4 C:\xampp1\htdocs\TC_Arena\system\CodeIgniter.php(825): App\Controllers\Update->index()
#5 C:\xampp1\htdocs\TC_Arena\system\CodeIgniter.php(412): CodeIgniter\CodeIgniter->runController(Object(App\Controllers\Update))
#6 C:\xampp1\htdocs\TC_Arena\system\CodeIgniter.php(320): CodeIgniter\CodeIgniter->handleRequest(NULL, Object(Config\Cache), false)
#7 C:\xampp1\htdocs\TC_Arena\public\index.php(37): CodeIgniter\CodeIgniter->run()
#8 C:\xampp1\htdocs\TC_Arena\system\Commands\Server\rewrite.php(43): require_once('C:\\xampp1\\htdoc...')
#9 {main}
