ERROR - 2022-03-05 10:20:53 --> Error connecting to the database: No connection could be made because the target machine actively refused it.

CRITICAL - 2022-03-05 10:20:53 --> Unable to connect to the database.
Main connection [MySQLi]: No connection could be made because the target machine actively refused it.

#0 C:\xampp1\htdocs\TC_Arena\system\Database\BaseConnection.php(577): CodeIgniter\Database\BaseConnection->initialize()
#1 C:\xampp1\htdocs\TC_Arena\system\Database\BaseBuilder.php(1455): CodeIgniter\Database\BaseConnection->query('SELECT *\nFROM `...', Array, false)
#2 C:\xampp1\htdocs\TC_Arena\system\Model.php(183): CodeIgniter\Database\BaseBuilder->get()
#3 C:\xampp1\htdocs\TC_Arena\system\BaseModel.php(584): CodeIgniter\Model->doFindAll(0, 0)
#4 C:\xampp1\htdocs\TC_Arena\app\Controllers\Index_admin.php(13): CodeIgniter\BaseModel->findAll()
#5 C:\xampp1\htdocs\TC_Arena\system\CodeIgniter.php(825): App\Controllers\index_admin->Index_admin()
#6 C:\xampp1\htdocs\TC_Arena\system\CodeIgniter.php(412): CodeIgniter\CodeIgniter->runController(Object(App\Controllers\index_admin))
#7 C:\xampp1\htdocs\TC_Arena\system\CodeIgniter.php(320): CodeIgniter\CodeIgniter->handleRequest(NULL, Object(Config\Cache), false)
#8 C:\xampp1\htdocs\TC_Arena\public\index.php(37): CodeIgniter\CodeIgniter->run()
#9 C:\xampp1\htdocs\TC_Arena\system\Commands\Server\rewrite.php(43): require_once('C:\\xampp1\\htdoc...')
#10 {main}
ERROR - 2022-03-05 10:21:04 --> Error connecting to the database: No connection could be made because the target machine actively refused it.

CRITICAL - 2022-03-05 10:21:04 --> Unable to connect to the database.
Main connection [MySQLi]: No connection could be made because the target machine actively refused it.

#0 C:\xampp1\htdocs\TC_Arena\system\Database\BaseConnection.php(577): CodeIgniter\Database\BaseConnection->initialize()
#1 C:\xampp1\htdocs\TC_Arena\system\Database\BaseBuilder.php(1455): CodeIgniter\Database\BaseConnection->query('SELECT *\nFROM `...', Array, false)
#2 C:\xampp1\htdocs\TC_Arena\system\Model.php(183): CodeIgniter\Database\BaseBuilder->get()
#3 C:\xampp1\htdocs\TC_Arena\system\BaseModel.php(584): CodeIgniter\Model->doFindAll(0, 0)
#4 C:\xampp1\htdocs\TC_Arena\app\Controllers\Index_admin.php(13): CodeIgniter\BaseModel->findAll()
#5 C:\xampp1\htdocs\TC_Arena\system\CodeIgniter.php(825): App\Controllers\index_admin->Index_admin()
#6 C:\xampp1\htdocs\TC_Arena\system\CodeIgniter.php(412): CodeIgniter\CodeIgniter->runController(Object(App\Controllers\index_admin))
#7 C:\xampp1\htdocs\TC_Arena\system\CodeIgniter.php(320): CodeIgniter\CodeIgniter->handleRequest(NULL, Object(Config\Cache), false)
#8 C:\xampp1\htdocs\TC_Arena\public\index.php(37): CodeIgniter\CodeIgniter->run()
#9 C:\xampp1\htdocs\TC_Arena\system\Commands\Server\rewrite.php(43): require_once('C:\\xampp1\\htdoc...')
#10 {main}
ERROR - 2022-03-05 10:34:06 --> Column 'Name' cannot be null
ERROR - 2022-03-05 10:34:06 --> Column 'Name' cannot be null
ERROR - 2022-03-05 10:34:06 --> Column 'Name' cannot be null
ERROR - 2022-03-05 10:34:06 --> Column 'Name' cannot be null
ERROR - 2022-03-05 10:34:06 --> Column 'Name' cannot be null
ERROR - 2022-03-05 10:34:06 --> Column 'Name' cannot be null
ERROR - 2022-03-05 10:34:06 --> Column 'Name' cannot be null
ERROR - 2022-03-05 10:34:07 --> Column 'Name' cannot be null
ERROR - 2022-03-05 10:34:07 --> Column 'Name' cannot be null
ERROR - 2022-03-05 10:34:07 --> Column 'Name' cannot be null
ERROR - 2022-03-05 10:34:07 --> Column 'Name' cannot be null
ERROR - 2022-03-05 10:34:07 --> Column 'Name' cannot be null
ERROR - 2022-03-05 10:34:08 --> Column 'Name' cannot be null
ERROR - 2022-03-05 10:34:08 --> Column 'Name' cannot be null
ERROR - 2022-03-05 10:34:08 --> Column 'Name' cannot be null
ERROR - 2022-03-05 10:34:08 --> Column 'Name' cannot be null
ERROR - 2022-03-05 10:34:08 --> Column 'Name' cannot be null
ERROR - 2022-03-05 10:34:08 --> Column 'Name' cannot be null
ERROR - 2022-03-05 10:34:08 --> Column 'Name' cannot be null
ERROR - 2022-03-05 10:34:08 --> Column 'Name' cannot be null
ERROR - 2022-03-05 10:34:08 --> Column 'Name' cannot be null
ERROR - 2022-03-05 10:34:08 --> Column 'Name' cannot be null
ERROR - 2022-03-05 10:34:08 --> Column 'Name' cannot be null
ERROR - 2022-03-05 10:34:09 --> Column 'Name' cannot be null
ERROR - 2022-03-05 10:34:09 --> Column 'Name' cannot be null
ERROR - 2022-03-05 10:34:09 --> Column 'Name' cannot be null
ERROR - 2022-03-05 10:34:09 --> Column 'Name' cannot be null
ERROR - 2022-03-05 10:34:09 --> Column 'Name' cannot be null
ERROR - 2022-03-05 10:34:10 --> Column 'Name' cannot be null
ERROR - 2022-03-05 10:34:10 --> Column 'Name' cannot be null
ERROR - 2022-03-05 10:34:10 --> Column 'Name' cannot be null
ERROR - 2022-03-05 10:34:10 --> Column 'Name' cannot be null
ERROR - 2022-03-05 10:34:11 --> Column 'Name' cannot be null
ERROR - 2022-03-05 10:34:11 --> Column 'Name' cannot be null
ERROR - 2022-03-05 10:34:11 --> Column 'Name' cannot be null
ERROR - 2022-03-05 10:34:11 --> Column 'Name' cannot be null
ERROR - 2022-03-05 10:34:11 --> Column 'Name' cannot be null
ERROR - 2022-03-05 10:34:11 --> Column 'Name' cannot be null
ERROR - 2022-03-05 10:34:11 --> Column 'Name' cannot be null
ERROR - 2022-03-05 10:34:11 --> Column 'Name' cannot be null
ERROR - 2022-03-05 10:34:11 --> Column 'Name' cannot be null
ERROR - 2022-03-05 10:34:11 --> Column 'Name' cannot be null
ERROR - 2022-03-05 10:34:12 --> Column 'Name' cannot be null
ERROR - 2022-03-05 10:34:12 --> Column 'Name' cannot be null
ERROR - 2022-03-05 10:34:12 --> Column 'Name' cannot be null
ERROR - 2022-03-05 10:34:12 --> Column 'Name' cannot be null
ERROR - 2022-03-05 10:34:12 --> Column 'Name' cannot be null
ERROR - 2022-03-05 10:34:12 --> Column 'Name' cannot be null
ERROR - 2022-03-05 10:34:12 --> Column 'Name' cannot be null
ERROR - 2022-03-05 10:34:12 --> Column 'Name' cannot be null
ERROR - 2022-03-05 10:34:12 --> Column 'Name' cannot be null
ERROR - 2022-03-05 10:34:12 --> Column 'Name' cannot be null
ERROR - 2022-03-05 10:34:12 --> Column 'Name' cannot be null
ERROR - 2022-03-05 10:34:12 --> Column 'Name' cannot be null
ERROR - 2022-03-05 10:34:13 --> Column 'Name' cannot be null
ERROR - 2022-03-05 10:34:13 --> Column 'Name' cannot be null
ERROR - 2022-03-05 10:34:13 --> Column 'Name' cannot be null
ERROR - 2022-03-05 10:34:13 --> Column 'Name' cannot be null
ERROR - 2022-03-05 10:34:14 --> Column 'Name' cannot be null
ERROR - 2022-03-05 10:34:14 --> Column 'Name' cannot be null
ERROR - 2022-03-05 10:34:14 --> Column 'Name' cannot be null
ERROR - 2022-03-05 10:34:14 --> Column 'Name' cannot be null
ERROR - 2022-03-05 10:34:14 --> Column 'Name' cannot be null
ERROR - 2022-03-05 10:34:15 --> Column 'Name' cannot be null
ERROR - 2022-03-05 10:34:15 --> Column 'Name' cannot be null
ERROR - 2022-03-05 10:34:15 --> Column 'Name' cannot be null
ERROR - 2022-03-05 10:34:15 --> Column 'Name' cannot be null
ERROR - 2022-03-05 10:34:15 --> Column 'Name' cannot be null
ERROR - 2022-03-05 10:34:15 --> Column 'Name' cannot be null
ERROR - 2022-03-05 10:34:15 --> Column 'Name' cannot be null
ERROR - 2022-03-05 10:34:15 --> Column 'Name' cannot be null
ERROR - 2022-03-05 10:34:15 --> Column 'Name' cannot be null
ERROR - 2022-03-05 10:34:15 --> Column 'Name' cannot be null
ERROR - 2022-03-05 10:34:16 --> Column 'Name' cannot be null
ERROR - 2022-03-05 10:34:16 --> Column 'Name' cannot be null
ERROR - 2022-03-05 10:34:16 --> Column 'Name' cannot be null
ERROR - 2022-03-05 10:34:16 --> Column 'Name' cannot be null
ERROR - 2022-03-05 10:34:16 --> Column 'Name' cannot be null
ERROR - 2022-03-05 10:34:33 --> Column 'Name' cannot be null
ERROR - 2022-03-05 10:34:33 --> Column 'Name' cannot be null
ERROR - 2022-03-05 10:34:33 --> Column 'Name' cannot be null
ERROR - 2022-03-05 10:34:33 --> Column 'Name' cannot be null
ERROR - 2022-03-05 10:34:33 --> Column 'Name' cannot be null
ERROR - 2022-03-05 10:34:33 --> Column 'Name' cannot be null
ERROR - 2022-03-05 10:34:33 --> Column 'Name' cannot be null
ERROR - 2022-03-05 10:34:33 --> Column 'Name' cannot be null
ERROR - 2022-03-05 10:34:34 --> Column 'Name' cannot be null
ERROR - 2022-03-05 10:34:34 --> Column 'Name' cannot be null
ERROR - 2022-03-05 10:34:34 --> Column 'Name' cannot be null
ERROR - 2022-03-05 10:34:34 --> Column 'Name' cannot be null
ERROR - 2022-03-05 10:34:34 --> Column 'Name' cannot be null
ERROR - 2022-03-05 10:34:34 --> Column 'Name' cannot be null
ERROR - 2022-03-05 10:34:34 --> Column 'Name' cannot be null
ERROR - 2022-03-05 10:34:34 --> Column 'Name' cannot be null
ERROR - 2022-03-05 10:34:34 --> Column 'Name' cannot be null
ERROR - 2022-03-05 10:34:34 --> Column 'Name' cannot be null
ERROR - 2022-03-05 10:34:34 --> Column 'Name' cannot be null
ERROR - 2022-03-05 10:34:36 --> Column 'Name' cannot be null
ERROR - 2022-03-05 10:34:36 --> Column 'Name' cannot be null
ERROR - 2022-03-05 10:34:36 --> Column 'Name' cannot be null
ERROR - 2022-03-05 10:34:36 --> Column 'Name' cannot be null
ERROR - 2022-03-05 10:34:36 --> Column 'Name' cannot be null
ERROR - 2022-03-05 10:34:36 --> Column 'Name' cannot be null
ERROR - 2022-03-05 10:34:36 --> Column 'Name' cannot be null
ERROR - 2022-03-05 10:34:36 --> Column 'Name' cannot be null
ERROR - 2022-03-05 10:34:36 --> Column 'Name' cannot be null
ERROR - 2022-03-05 10:34:36 --> Column 'Name' cannot be null
ERROR - 2022-03-05 10:34:37 --> Column 'Name' cannot be null
ERROR - 2022-03-05 10:34:37 --> Column 'Name' cannot be null
ERROR - 2022-03-05 10:34:37 --> Column 'Name' cannot be null
ERROR - 2022-03-05 10:34:37 --> Column 'Name' cannot be null
ERROR - 2022-03-05 10:34:37 --> Column 'Name' cannot be null
ERROR - 2022-03-05 10:34:37 --> Column 'Name' cannot be null
ERROR - 2022-03-05 10:34:37 --> Column 'Name' cannot be null
ERROR - 2022-03-05 10:34:38 --> Column 'Name' cannot be null
ERROR - 2022-03-05 10:34:38 --> Column 'Name' cannot be null
ERROR - 2022-03-05 10:34:38 --> Column 'Name' cannot be null
CRITICAL - 2022-03-05 10:38:51 --> Argument 2 passed to CodeIgniter\Database\BaseBuilder::orderBy() must be of the type string, null given, called in C:\xampp1\htdocs\TC_Arena\system\Model.php on line 728
#0 C:\xampp1\htdocs\TC_Arena\system\Model.php(728): CodeIgniter\Database\BaseBuilder->orderBy('F_ID', NULL)
#1 C:\xampp1\htdocs\TC_Arena\app\Controllers\Index_admin.php(13): CodeIgniter\Model->__call('orderBy', Array)
#2 C:\xampp1\htdocs\TC_Arena\system\CodeIgniter.php(825): App\Controllers\index_admin->Index_admin()
#3 C:\xampp1\htdocs\TC_Arena\system\CodeIgniter.php(412): CodeIgniter\CodeIgniter->runController(Object(App\Controllers\index_admin))
#4 C:\xampp1\htdocs\TC_Arena\system\CodeIgniter.php(320): CodeIgniter\CodeIgniter->handleRequest(NULL, Object(Config\Cache), false)
#5 C:\xampp1\htdocs\TC_Arena\public\index.php(37): CodeIgniter\CodeIgniter->run()
#6 C:\xampp1\htdocs\TC_Arena\system\Commands\Server\rewrite.php(43): require_once('C:\\xampp1\\htdoc...')
#7 {main}
