ERROR - 2022-02-03 21:06:36 --> Error connecting to the database: No connection could be made because the target machine actively refused it.

CRITICAL - 2022-02-03 21:06:36 --> Unable to connect to the database.
Main connection [MySQLi]: No connection could be made because the target machine actively refused it.

#0 C:\xampp1\htdocs\TC_Arena\system\Database\BaseConnection.php(577): CodeIgniter\Database\BaseConnection->initialize()
#1 C:\xampp1\htdocs\TC_Arena\system\Database\BaseBuilder.php(1455): CodeIgniter\Database\BaseConnection->query('SELECT *\nFROM `...', Array, false)
#2 C:\xampp1\htdocs\TC_Arena\system\Model.php(210): CodeIgniter\Database\BaseBuilder->get()
#3 C:\xampp1\htdocs\TC_Arena\system\BaseModel.php(622): CodeIgniter\Model->doFirst()
#4 C:\xampp1\htdocs\TC_Arena\app\Controllers\Login.php(18): CodeIgniter\BaseModel->first()
#5 C:\xampp1\htdocs\TC_Arena\system\CodeIgniter.php(825): App\Controllers\Login->auth()
#6 C:\xampp1\htdocs\TC_Arena\system\CodeIgniter.php(412): CodeIgniter\CodeIgniter->runController(Object(App\Controllers\Login))
#7 C:\xampp1\htdocs\TC_Arena\system\CodeIgniter.php(320): CodeIgniter\CodeIgniter->handleRequest(NULL, Object(Config\Cache), false)
#8 C:\xampp1\htdocs\TC_Arena\public\index.php(37): CodeIgniter\CodeIgniter->run()
#9 C:\xampp1\htdocs\TC_Arena\system\Commands\Server\rewrite.php(43): require_once('C:\\xampp1\\htdoc...')
#10 {main}
CRITICAL - 2022-02-03 21:39:28 --> require(./public/js/employee.js): failed to open stream: No such file or directory
#0 C:\xampp1\htdocs\TC_Arena\app\Views\indexemployee.php(112): CodeIgniter\Debug\Exceptions->errorHandler(2, 'require(./publi...', 'C:\\xampp1\\htdoc...', 112, Array)
#1 C:\xampp1\htdocs\TC_Arena\app\Views\indexemployee.php(112): require()
#2 C:\xampp1\htdocs\TC_Arena\system\View\View.php(210): include('C:\\xampp1\\htdoc...')
#3 C:\xampp1\htdocs\TC_Arena\system\View\View.php(213): CodeIgniter\View\View->CodeIgniter\View\{closure}()
#4 C:\xampp1\htdocs\TC_Arena\system\Common.php(1089): CodeIgniter\View\View->render('indexemployee', Array, true)
#5 C:\xampp1\htdocs\TC_Arena\app\Controllers\Indexemployee.php(13): view('indexemployee', Array)
#6 C:\xampp1\htdocs\TC_Arena\system\CodeIgniter.php(825): App\Controllers\indexemployee->Indexemployee()
#7 C:\xampp1\htdocs\TC_Arena\system\CodeIgniter.php(412): CodeIgniter\CodeIgniter->runController(Object(App\Controllers\indexemployee))
#8 C:\xampp1\htdocs\TC_Arena\system\CodeIgniter.php(320): CodeIgniter\CodeIgniter->handleRequest(NULL, Object(Config\Cache), false)
#9 C:\xampp1\htdocs\TC_Arena\public\index.php(37): CodeIgniter\CodeIgniter->run()
#10 C:\xampp1\htdocs\TC_Arena\system\Commands\Server\rewrite.php(43): require_once('C:\\xampp1\\htdoc...')
#11 {main}
