CRITICAL - 2022-03-07 07:14:20 --> The original file is not a valid file.
#0 C:\Users\mrabh\Downloads\clone\TC-Arena\system\HTTP\Files\UploadedFile.php(137): CodeIgniter\HTTP\Exceptions\HTTPException::forInvalidFile()
#1 C:\Users\mrabh\Downloads\clone\TC-Arena\app\Controllers\Index_admin.php(19): CodeIgniter\HTTP\Files\UploadedFile->move('C:\\Users\\mrabh\\...')
#2 C:\Users\mrabh\Downloads\clone\TC-Arena\system\CodeIgniter.php(825): App\Controllers\index_admin->insert()
#3 C:\Users\mrabh\Downloads\clone\TC-Arena\system\CodeIgniter.php(412): CodeIgniter\CodeIgniter->runController(Object(App\Controllers\index_admin))
#4 C:\Users\mrabh\Downloads\clone\TC-Arena\system\CodeIgniter.php(320): CodeIgniter\CodeIgniter->handleRequest(NULL, Object(Config\Cache), false)
#5 C:\Users\mrabh\Downloads\clone\TC-Arena\public\index.php(37): CodeIgniter\CodeIgniter->run()
#6 C:\Users\mrabh\Downloads\clone\TC-Arena\system\Commands\Server\rewrite.php(43): require_once('C:\\Users\\mrabh\\...')
#7 {main}
CRITICAL - 2022-03-07 07:14:33 --> The original file is not a valid file.
#0 C:\Users\mrabh\Downloads\clone\TC-Arena\system\HTTP\Files\UploadedFile.php(137): CodeIgniter\HTTP\Exceptions\HTTPException::forInvalidFile()
#1 C:\Users\mrabh\Downloads\clone\TC-Arena\app\Controllers\Index_admin.php(19): CodeIgniter\HTTP\Files\UploadedFile->move('C:\\Users\\mrabh\\...')
#2 C:\Users\mrabh\Downloads\clone\TC-Arena\system\CodeIgniter.php(825): App\Controllers\index_admin->insert()
#3 C:\Users\mrabh\Downloads\clone\TC-Arena\system\CodeIgniter.php(412): CodeIgniter\CodeIgniter->runController(Object(App\Controllers\index_admin))
#4 C:\Users\mrabh\Downloads\clone\TC-Arena\system\CodeIgniter.php(320): CodeIgniter\CodeIgniter->handleRequest(NULL, Object(Config\Cache), false)
#5 C:\Users\mrabh\Downloads\clone\TC-Arena\public\index.php(37): CodeIgniter\CodeIgniter->run()
#6 C:\Users\mrabh\Downloads\clone\TC-Arena\system\Commands\Server\rewrite.php(43): require_once('C:\\Users\\mrabh\\...')
#7 {main}
CRITICAL - 2022-03-07 08:20:30 --> Call to a member function getRandomName() on null
#0 C:\xampp1\htdocs\TC_Arena\system\CodeIgniter.php(825): App\Controllers\Edit_admin->edit()
#1 C:\xampp1\htdocs\TC_Arena\system\CodeIgniter.php(412): CodeIgniter\CodeIgniter->runController(Object(App\Controllers\Edit_admin))
#2 C:\xampp1\htdocs\TC_Arena\system\CodeIgniter.php(320): CodeIgniter\CodeIgniter->handleRequest(NULL, Object(Config\Cache), false)
#3 C:\xampp1\htdocs\TC_Arena\public\index.php(37): CodeIgniter\CodeIgniter->run()
#4 C:\xampp1\htdocs\TC_Arena\system\Commands\Server\rewrite.php(43): require_once('C:\\xampp1\\htdoc...')
#5 {main}
CRITICAL - 2022-03-07 08:25:49 --> The original file is not a valid file.
#0 C:\xampp1\htdocs\TC_Arena\system\HTTP\Files\UploadedFile.php(137): CodeIgniter\HTTP\Exceptions\HTTPException::forInvalidFile()
#1 C:\xampp1\htdocs\TC_Arena\app\Controllers\Edit_admin.php(22): CodeIgniter\HTTP\Files\UploadedFile->move('../public/admin...', '1646663149_f45b...')
#2 C:\xampp1\htdocs\TC_Arena\system\CodeIgniter.php(825): App\Controllers\Edit_admin->edit()
#3 C:\xampp1\htdocs\TC_Arena\system\CodeIgniter.php(412): CodeIgniter\CodeIgniter->runController(Object(App\Controllers\Edit_admin))
#4 C:\xampp1\htdocs\TC_Arena\system\CodeIgniter.php(320): CodeIgniter\CodeIgniter->handleRequest(NULL, Object(Config\Cache), false)
#5 C:\xampp1\htdocs\TC_Arena\public\index.php(37): CodeIgniter\CodeIgniter->run()
#6 C:\xampp1\htdocs\TC_Arena\system\Commands\Server\rewrite.php(43): require_once('C:\\xampp1\\htdoc...')
#7 {main}
CRITICAL - 2022-03-07 08:40:30 --> The original file is not a valid file.
#0 C:\xampp1\htdocs\TC_Arena\system\HTTP\Files\UploadedFile.php(137): CodeIgniter\HTTP\Exceptions\HTTPException::forInvalidFile()
#1 C:\xampp1\htdocs\TC_Arena\app\Controllers\Edit_admin.php(22): CodeIgniter\HTTP\Files\UploadedFile->move('../public/admin...', '1646664030_a431...')
#2 C:\xampp1\htdocs\TC_Arena\system\CodeIgniter.php(825): App\Controllers\Edit_admin->update()
#3 C:\xampp1\htdocs\TC_Arena\system\CodeIgniter.php(412): CodeIgniter\CodeIgniter->runController(Object(App\Controllers\Edit_admin))
#4 C:\xampp1\htdocs\TC_Arena\system\CodeIgniter.php(320): CodeIgniter\CodeIgniter->handleRequest(NULL, Object(Config\Cache), false)
#5 C:\xampp1\htdocs\TC_Arena\public\index.php(37): CodeIgniter\CodeIgniter->run()
#6 C:\xampp1\htdocs\TC_Arena\system\Commands\Server\rewrite.php(43): require_once('C:\\xampp1\\htdoc...')
#7 {main}
CRITICAL - 2022-03-07 09:29:04 --> Argument 2 passed to CodeIgniter\Database\BaseBuilder::orderBy() must be of the type string, null given, called in C:\xampp1\htdocs\TC_Arena\system\Model.php on line 728
#0 C:\xampp1\htdocs\TC_Arena\system\Model.php(728): CodeIgniter\Database\BaseBuilder->orderBy('F_ID', NULL)
#1 C:\xampp1\htdocs\TC_Arena\app\Controllers\Index_admin.php(13): CodeIgniter\Model->__call('orderBy', Array)
#2 C:\xampp1\htdocs\TC_Arena\system\CodeIgniter.php(825): App\Controllers\index_admin->Index_admin()
#3 C:\xampp1\htdocs\TC_Arena\system\CodeIgniter.php(412): CodeIgniter\CodeIgniter->runController(Object(App\Controllers\index_admin))
#4 C:\xampp1\htdocs\TC_Arena\system\CodeIgniter.php(320): CodeIgniter\CodeIgniter->handleRequest(NULL, Object(Config\Cache), false)
#5 C:\xampp1\htdocs\TC_Arena\public\index.php(37): CodeIgniter\CodeIgniter->run()
#6 C:\xampp1\htdocs\TC_Arena\system\Commands\Server\rewrite.php(43): require_once('C:\\xampp1\\htdoc...')
#7 {main}
