ERROR - 2022-03-03 07:51:29 --> Error connecting to the database: No connection could be made because the target machine actively refused it.

CRITICAL - 2022-03-03 07:51:29 --> Unable to connect to the database.
Main connection [MySQLi]: No connection could be made because the target machine actively refused it.

#0 C:\xampp1\htdocs\TC_Arena\system\Database\BaseConnection.php(577): CodeIgniter\Database\BaseConnection->initialize()
#1 C:\xampp1\htdocs\TC_Arena\system\Database\BaseBuilder.php(1455): CodeIgniter\Database\BaseConnection->query('SELECT *\nFROM `...', Array, false)
#2 C:\xampp1\htdocs\TC_Arena\system\Model.php(210): CodeIgniter\Database\BaseBuilder->get()
#3 C:\xampp1\htdocs\TC_Arena\system\BaseModel.php(622): CodeIgniter\Model->doFirst()
#4 C:\xampp1\htdocs\TC_Arena\app\Controllers\Login.php(18): CodeIgniter\BaseModel->first()
#5 C:\xampp1\htdocs\TC_Arena\system\CodeIgniter.php(825): App\Controllers\Login->auth()
#6 C:\xampp1\htdocs\TC_Arena\system\CodeIgniter.php(412): CodeIgniter\CodeIgniter->runController(Object(App\Controllers\Login))
#7 C:\xampp1\htdocs\TC_Arena\system\CodeIgniter.php(320): CodeIgniter\CodeIgniter->handleRequest(NULL, Object(Config\Cache), false)
#8 C:\xampp1\htdocs\TC_Arena\public\index.php(37): CodeIgniter\CodeIgniter->run()
#9 C:\xampp1\htdocs\TC_Arena\system\Commands\Server\rewrite.php(43): require_once('C:\\xampp1\\htdoc...')
#10 {main}
CRITICAL - 2022-03-03 09:27:44 --> Call to a member function get() on array
#0 C:\xampp1\htdocs\TC_Arena\system\View\View.php(210): include()
#1 C:\xampp1\htdocs\TC_Arena\system\View\View.php(213): CodeIgniter\View\View->CodeIgniter\View\{closure}()
#2 C:\xampp1\htdocs\TC_Arena\system\Common.php(1089): CodeIgniter\View\View->render('index_admin', Array, true)
#3 C:\xampp1\htdocs\TC_Arena\app\Controllers\Index_admin.php(14): view('index_admin', Array)
#4 C:\xampp1\htdocs\TC_Arena\system\CodeIgniter.php(825): App\Controllers\index_admin->Index_admin()
#5 C:\xampp1\htdocs\TC_Arena\system\CodeIgniter.php(412): CodeIgniter\CodeIgniter->runController(Object(App\Controllers\index_admin))
#6 C:\xampp1\htdocs\TC_Arena\system\CodeIgniter.php(320): CodeIgniter\CodeIgniter->handleRequest(NULL, Object(Config\Cache), false)
#7 C:\xampp1\htdocs\TC_Arena\public\index.php(37): CodeIgniter\CodeIgniter->run()
#8 C:\xampp1\htdocs\TC_Arena\system\Commands\Server\rewrite.php(43): require_once('C:\\xampp1\\htdoc...')
#9 {main}
CRITICAL - 2022-03-03 09:27:53 --> Function name must be a string
#0 C:\xampp1\htdocs\TC_Arena\system\View\View.php(210): include()
#1 C:\xampp1\htdocs\TC_Arena\system\View\View.php(213): CodeIgniter\View\View->CodeIgniter\View\{closure}()
#2 C:\xampp1\htdocs\TC_Arena\system\Common.php(1089): CodeIgniter\View\View->render('index_admin', Array, true)
#3 C:\xampp1\htdocs\TC_Arena\app\Controllers\Index_admin.php(14): view('index_admin', Array)
#4 C:\xampp1\htdocs\TC_Arena\system\CodeIgniter.php(825): App\Controllers\index_admin->Index_admin()
#5 C:\xampp1\htdocs\TC_Arena\system\CodeIgniter.php(412): CodeIgniter\CodeIgniter->runController(Object(App\Controllers\index_admin))
#6 C:\xampp1\htdocs\TC_Arena\system\CodeIgniter.php(320): CodeIgniter\CodeIgniter->handleRequest(NULL, Object(Config\Cache), false)
#7 C:\xampp1\htdocs\TC_Arena\public\index.php(37): CodeIgniter\CodeIgniter->run()
#8 C:\xampp1\htdocs\TC_Arena\system\Commands\Server\rewrite.php(43): require_once('C:\\xampp1\\htdoc...')
#9 {main}
CRITICAL - 2022-03-03 09:27:54 --> Function name must be a string
#0 C:\xampp1\htdocs\TC_Arena\system\View\View.php(210): include()
#1 C:\xampp1\htdocs\TC_Arena\system\View\View.php(213): CodeIgniter\View\View->CodeIgniter\View\{closure}()
#2 C:\xampp1\htdocs\TC_Arena\system\Common.php(1089): CodeIgniter\View\View->render('index_admin', Array, true)
#3 C:\xampp1\htdocs\TC_Arena\app\Controllers\Index_admin.php(14): view('index_admin', Array)
#4 C:\xampp1\htdocs\TC_Arena\system\CodeIgniter.php(825): App\Controllers\index_admin->Index_admin()
#5 C:\xampp1\htdocs\TC_Arena\system\CodeIgniter.php(412): CodeIgniter\CodeIgniter->runController(Object(App\Controllers\index_admin))
#6 C:\xampp1\htdocs\TC_Arena\system\CodeIgniter.php(320): CodeIgniter\CodeIgniter->handleRequest(NULL, Object(Config\Cache), false)
#7 C:\xampp1\htdocs\TC_Arena\public\index.php(37): CodeIgniter\CodeIgniter->run()
#8 C:\xampp1\htdocs\TC_Arena\system\Commands\Server\rewrite.php(43): require_once('C:\\xampp1\\htdoc...')
#9 {main}
CRITICAL - 2022-03-03 09:28:43 --> Function name must be a string
#0 C:\xampp1\htdocs\TC_Arena\system\View\View.php(210): include()
#1 C:\xampp1\htdocs\TC_Arena\system\View\View.php(213): CodeIgniter\View\View->CodeIgniter\View\{closure}()
#2 C:\xampp1\htdocs\TC_Arena\system\Common.php(1089): CodeIgniter\View\View->render('index_admin', Array, true)
#3 C:\xampp1\htdocs\TC_Arena\app\Controllers\Index_admin.php(14): view('index_admin', Array)
#4 C:\xampp1\htdocs\TC_Arena\system\CodeIgniter.php(825): App\Controllers\index_admin->Index_admin()
#5 C:\xampp1\htdocs\TC_Arena\system\CodeIgniter.php(412): CodeIgniter\CodeIgniter->runController(Object(App\Controllers\index_admin))
#6 C:\xampp1\htdocs\TC_Arena\system\CodeIgniter.php(320): CodeIgniter\CodeIgniter->handleRequest(NULL, Object(Config\Cache), false)
#7 C:\xampp1\htdocs\TC_Arena\public\index.php(37): CodeIgniter\CodeIgniter->run()
#8 C:\xampp1\htdocs\TC_Arena\system\Commands\Server\rewrite.php(43): require_once('C:\\xampp1\\htdoc...')
#9 {main}
CRITICAL - 2022-03-03 09:28:44 --> Function name must be a string
#0 C:\xampp1\htdocs\TC_Arena\system\View\View.php(210): include()
#1 C:\xampp1\htdocs\TC_Arena\system\View\View.php(213): CodeIgniter\View\View->CodeIgniter\View\{closure}()
#2 C:\xampp1\htdocs\TC_Arena\system\Common.php(1089): CodeIgniter\View\View->render('index_admin', Array, true)
#3 C:\xampp1\htdocs\TC_Arena\app\Controllers\Index_admin.php(14): view('index_admin', Array)
#4 C:\xampp1\htdocs\TC_Arena\system\CodeIgniter.php(825): App\Controllers\index_admin->Index_admin()
#5 C:\xampp1\htdocs\TC_Arena\system\CodeIgniter.php(412): CodeIgniter\CodeIgniter->runController(Object(App\Controllers\index_admin))
#6 C:\xampp1\htdocs\TC_Arena\system\CodeIgniter.php(320): CodeIgniter\CodeIgniter->handleRequest(NULL, Object(Config\Cache), false)
#7 C:\xampp1\htdocs\TC_Arena\public\index.php(37): CodeIgniter\CodeIgniter->run()
#8 C:\xampp1\htdocs\TC_Arena\system\Commands\Server\rewrite.php(43): require_once('C:\\xampp1\\htdoc...')
#9 {main}
CRITICAL - 2022-03-03 09:28:44 --> Function name must be a string
#0 C:\xampp1\htdocs\TC_Arena\system\View\View.php(210): include()
#1 C:\xampp1\htdocs\TC_Arena\system\View\View.php(213): CodeIgniter\View\View->CodeIgniter\View\{closure}()
#2 C:\xampp1\htdocs\TC_Arena\system\Common.php(1089): CodeIgniter\View\View->render('index_admin', Array, true)
#3 C:\xampp1\htdocs\TC_Arena\app\Controllers\Index_admin.php(14): view('index_admin', Array)
#4 C:\xampp1\htdocs\TC_Arena\system\CodeIgniter.php(825): App\Controllers\index_admin->Index_admin()
#5 C:\xampp1\htdocs\TC_Arena\system\CodeIgniter.php(412): CodeIgniter\CodeIgniter->runController(Object(App\Controllers\index_admin))
#6 C:\xampp1\htdocs\TC_Arena\system\CodeIgniter.php(320): CodeIgniter\CodeIgniter->handleRequest(NULL, Object(Config\Cache), false)
#7 C:\xampp1\htdocs\TC_Arena\public\index.php(37): CodeIgniter\CodeIgniter->run()
#8 C:\xampp1\htdocs\TC_Arena\system\Commands\Server\rewrite.php(43): require_once('C:\\xampp1\\htdoc...')
#9 {main}
CRITICAL - 2022-03-03 09:28:44 --> Function name must be a string
#0 C:\xampp1\htdocs\TC_Arena\system\View\View.php(210): include()
#1 C:\xampp1\htdocs\TC_Arena\system\View\View.php(213): CodeIgniter\View\View->CodeIgniter\View\{closure}()
#2 C:\xampp1\htdocs\TC_Arena\system\Common.php(1089): CodeIgniter\View\View->render('index_admin', Array, true)
#3 C:\xampp1\htdocs\TC_Arena\app\Controllers\Index_admin.php(14): view('index_admin', Array)
#4 C:\xampp1\htdocs\TC_Arena\system\CodeIgniter.php(825): App\Controllers\index_admin->Index_admin()
#5 C:\xampp1\htdocs\TC_Arena\system\CodeIgniter.php(412): CodeIgniter\CodeIgniter->runController(Object(App\Controllers\index_admin))
#6 C:\xampp1\htdocs\TC_Arena\system\CodeIgniter.php(320): CodeIgniter\CodeIgniter->handleRequest(NULL, Object(Config\Cache), false)
#7 C:\xampp1\htdocs\TC_Arena\public\index.php(37): CodeIgniter\CodeIgniter->run()
#8 C:\xampp1\htdocs\TC_Arena\system\Commands\Server\rewrite.php(43): require_once('C:\\xampp1\\htdoc...')
#9 {main}
CRITICAL - 2022-03-03 09:28:49 --> Function name must be a string
#0 C:\xampp1\htdocs\TC_Arena\system\View\View.php(210): include()
#1 C:\xampp1\htdocs\TC_Arena\system\View\View.php(213): CodeIgniter\View\View->CodeIgniter\View\{closure}()
#2 C:\xampp1\htdocs\TC_Arena\system\Common.php(1089): CodeIgniter\View\View->render('index_admin', Array, true)
#3 C:\xampp1\htdocs\TC_Arena\app\Controllers\Index_admin.php(14): view('index_admin', Array)
#4 C:\xampp1\htdocs\TC_Arena\system\CodeIgniter.php(825): App\Controllers\index_admin->Index_admin()
#5 C:\xampp1\htdocs\TC_Arena\system\CodeIgniter.php(412): CodeIgniter\CodeIgniter->runController(Object(App\Controllers\index_admin))
#6 C:\xampp1\htdocs\TC_Arena\system\CodeIgniter.php(320): CodeIgniter\CodeIgniter->handleRequest(NULL, Object(Config\Cache), false)
#7 C:\xampp1\htdocs\TC_Arena\public\index.php(37): CodeIgniter\CodeIgniter->run()
#8 C:\xampp1\htdocs\TC_Arena\system\Commands\Server\rewrite.php(43): require_once('C:\\xampp1\\htdoc...')
#9 {main}
CRITICAL - 2022-03-03 09:28:50 --> Function name must be a string
#0 C:\xampp1\htdocs\TC_Arena\system\View\View.php(210): include()
#1 C:\xampp1\htdocs\TC_Arena\system\View\View.php(213): CodeIgniter\View\View->CodeIgniter\View\{closure}()
#2 C:\xampp1\htdocs\TC_Arena\system\Common.php(1089): CodeIgniter\View\View->render('index_admin', Array, true)
#3 C:\xampp1\htdocs\TC_Arena\app\Controllers\Index_admin.php(14): view('index_admin', Array)
#4 C:\xampp1\htdocs\TC_Arena\system\CodeIgniter.php(825): App\Controllers\index_admin->Index_admin()
#5 C:\xampp1\htdocs\TC_Arena\system\CodeIgniter.php(412): CodeIgniter\CodeIgniter->runController(Object(App\Controllers\index_admin))
#6 C:\xampp1\htdocs\TC_Arena\system\CodeIgniter.php(320): CodeIgniter\CodeIgniter->handleRequest(NULL, Object(Config\Cache), false)
#7 C:\xampp1\htdocs\TC_Arena\public\index.php(37): CodeIgniter\CodeIgniter->run()
#8 C:\xampp1\htdocs\TC_Arena\system\Commands\Server\rewrite.php(43): require_once('C:\\xampp1\\htdoc...')
#9 {main}
CRITICAL - 2022-03-03 09:28:51 --> Function name must be a string
#0 C:\xampp1\htdocs\TC_Arena\system\View\View.php(210): include()
#1 C:\xampp1\htdocs\TC_Arena\system\View\View.php(213): CodeIgniter\View\View->CodeIgniter\View\{closure}()
#2 C:\xampp1\htdocs\TC_Arena\system\Common.php(1089): CodeIgniter\View\View->render('index_admin', Array, true)
#3 C:\xampp1\htdocs\TC_Arena\app\Controllers\Index_admin.php(14): view('index_admin', Array)
#4 C:\xampp1\htdocs\TC_Arena\system\CodeIgniter.php(825): App\Controllers\index_admin->Index_admin()
#5 C:\xampp1\htdocs\TC_Arena\system\CodeIgniter.php(412): CodeIgniter\CodeIgniter->runController(Object(App\Controllers\index_admin))
#6 C:\xampp1\htdocs\TC_Arena\system\CodeIgniter.php(320): CodeIgniter\CodeIgniter->handleRequest(NULL, Object(Config\Cache), false)
#7 C:\xampp1\htdocs\TC_Arena\public\index.php(37): CodeIgniter\CodeIgniter->run()
#8 C:\xampp1\htdocs\TC_Arena\system\Commands\Server\rewrite.php(43): require_once('C:\\xampp1\\htdoc...')
#9 {main}
CRITICAL - 2022-03-03 09:28:52 --> Function name must be a string
#0 C:\xampp1\htdocs\TC_Arena\system\View\View.php(210): include()
#1 C:\xampp1\htdocs\TC_Arena\system\View\View.php(213): CodeIgniter\View\View->CodeIgniter\View\{closure}()
#2 C:\xampp1\htdocs\TC_Arena\system\Common.php(1089): CodeIgniter\View\View->render('index_admin', Array, true)
#3 C:\xampp1\htdocs\TC_Arena\app\Controllers\Index_admin.php(14): view('index_admin', Array)
#4 C:\xampp1\htdocs\TC_Arena\system\CodeIgniter.php(825): App\Controllers\index_admin->Index_admin()
#5 C:\xampp1\htdocs\TC_Arena\system\CodeIgniter.php(412): CodeIgniter\CodeIgniter->runController(Object(App\Controllers\index_admin))
#6 C:\xampp1\htdocs\TC_Arena\system\CodeIgniter.php(320): CodeIgniter\CodeIgniter->handleRequest(NULL, Object(Config\Cache), false)
#7 C:\xampp1\htdocs\TC_Arena\public\index.php(37): CodeIgniter\CodeIgniter->run()
#8 C:\xampp1\htdocs\TC_Arena\system\Commands\Server\rewrite.php(43): require_once('C:\\xampp1\\htdoc...')
#9 {main}
CRITICAL - 2022-03-03 09:28:52 --> Function name must be a string
#0 C:\xampp1\htdocs\TC_Arena\system\View\View.php(210): include()
#1 C:\xampp1\htdocs\TC_Arena\system\View\View.php(213): CodeIgniter\View\View->CodeIgniter\View\{closure}()
#2 C:\xampp1\htdocs\TC_Arena\system\Common.php(1089): CodeIgniter\View\View->render('index_admin', Array, true)
#3 C:\xampp1\htdocs\TC_Arena\app\Controllers\Index_admin.php(14): view('index_admin', Array)
#4 C:\xampp1\htdocs\TC_Arena\system\CodeIgniter.php(825): App\Controllers\index_admin->Index_admin()
#5 C:\xampp1\htdocs\TC_Arena\system\CodeIgniter.php(412): CodeIgniter\CodeIgniter->runController(Object(App\Controllers\index_admin))
#6 C:\xampp1\htdocs\TC_Arena\system\CodeIgniter.php(320): CodeIgniter\CodeIgniter->handleRequest(NULL, Object(Config\Cache), false)
#7 C:\xampp1\htdocs\TC_Arena\public\index.php(37): CodeIgniter\CodeIgniter->run()
#8 C:\xampp1\htdocs\TC_Arena\system\Commands\Server\rewrite.php(43): require_once('C:\\xampp1\\htdoc...')
#9 {main}
CRITICAL - 2022-03-03 09:28:52 --> Function name must be a string
#0 C:\xampp1\htdocs\TC_Arena\system\View\View.php(210): include()
#1 C:\xampp1\htdocs\TC_Arena\system\View\View.php(213): CodeIgniter\View\View->CodeIgniter\View\{closure}()
#2 C:\xampp1\htdocs\TC_Arena\system\Common.php(1089): CodeIgniter\View\View->render('index_admin', Array, true)
#3 C:\xampp1\htdocs\TC_Arena\app\Controllers\Index_admin.php(14): view('index_admin', Array)
#4 C:\xampp1\htdocs\TC_Arena\system\CodeIgniter.php(825): App\Controllers\index_admin->Index_admin()
#5 C:\xampp1\htdocs\TC_Arena\system\CodeIgniter.php(412): CodeIgniter\CodeIgniter->runController(Object(App\Controllers\index_admin))
#6 C:\xampp1\htdocs\TC_Arena\system\CodeIgniter.php(320): CodeIgniter\CodeIgniter->handleRequest(NULL, Object(Config\Cache), false)
#7 C:\xampp1\htdocs\TC_Arena\public\index.php(37): CodeIgniter\CodeIgniter->run()
#8 C:\xampp1\htdocs\TC_Arena\system\Commands\Server\rewrite.php(43): require_once('C:\\xampp1\\htdoc...')
#9 {main}
CRITICAL - 2022-03-03 09:28:53 --> Function name must be a string
#0 C:\xampp1\htdocs\TC_Arena\system\View\View.php(210): include()
#1 C:\xampp1\htdocs\TC_Arena\system\View\View.php(213): CodeIgniter\View\View->CodeIgniter\View\{closure}()
#2 C:\xampp1\htdocs\TC_Arena\system\Common.php(1089): CodeIgniter\View\View->render('index_admin', Array, true)
#3 C:\xampp1\htdocs\TC_Arena\app\Controllers\Index_admin.php(14): view('index_admin', Array)
#4 C:\xampp1\htdocs\TC_Arena\system\CodeIgniter.php(825): App\Controllers\index_admin->Index_admin()
#5 C:\xampp1\htdocs\TC_Arena\system\CodeIgniter.php(412): CodeIgniter\CodeIgniter->runController(Object(App\Controllers\index_admin))
#6 C:\xampp1\htdocs\TC_Arena\system\CodeIgniter.php(320): CodeIgniter\CodeIgniter->handleRequest(NULL, Object(Config\Cache), false)
#7 C:\xampp1\htdocs\TC_Arena\public\index.php(37): CodeIgniter\CodeIgniter->run()
#8 C:\xampp1\htdocs\TC_Arena\system\Commands\Server\rewrite.php(43): require_once('C:\\xampp1\\htdoc...')
#9 {main}
CRITICAL - 2022-03-03 09:28:54 --> Function name must be a string
#0 C:\xampp1\htdocs\TC_Arena\system\View\View.php(210): include()
#1 C:\xampp1\htdocs\TC_Arena\system\View\View.php(213): CodeIgniter\View\View->CodeIgniter\View\{closure}()
#2 C:\xampp1\htdocs\TC_Arena\system\Common.php(1089): CodeIgniter\View\View->render('index_admin', Array, true)
#3 C:\xampp1\htdocs\TC_Arena\app\Controllers\Index_admin.php(14): view('index_admin', Array)
#4 C:\xampp1\htdocs\TC_Arena\system\CodeIgniter.php(825): App\Controllers\index_admin->Index_admin()
#5 C:\xampp1\htdocs\TC_Arena\system\CodeIgniter.php(412): CodeIgniter\CodeIgniter->runController(Object(App\Controllers\index_admin))
#6 C:\xampp1\htdocs\TC_Arena\system\CodeIgniter.php(320): CodeIgniter\CodeIgniter->handleRequest(NULL, Object(Config\Cache), false)
#7 C:\xampp1\htdocs\TC_Arena\public\index.php(37): CodeIgniter\CodeIgniter->run()
#8 C:\xampp1\htdocs\TC_Arena\system\Commands\Server\rewrite.php(43): require_once('C:\\xampp1\\htdoc...')
#9 {main}
CRITICAL - 2022-03-03 09:28:54 --> Function name must be a string
#0 C:\xampp1\htdocs\TC_Arena\system\View\View.php(210): include()
#1 C:\xampp1\htdocs\TC_Arena\system\View\View.php(213): CodeIgniter\View\View->CodeIgniter\View\{closure}()
#2 C:\xampp1\htdocs\TC_Arena\system\Common.php(1089): CodeIgniter\View\View->render('index_admin', Array, true)
#3 C:\xampp1\htdocs\TC_Arena\app\Controllers\Index_admin.php(14): view('index_admin', Array)
#4 C:\xampp1\htdocs\TC_Arena\system\CodeIgniter.php(825): App\Controllers\index_admin->Index_admin()
#5 C:\xampp1\htdocs\TC_Arena\system\CodeIgniter.php(412): CodeIgniter\CodeIgniter->runController(Object(App\Controllers\index_admin))
#6 C:\xampp1\htdocs\TC_Arena\system\CodeIgniter.php(320): CodeIgniter\CodeIgniter->handleRequest(NULL, Object(Config\Cache), false)
#7 C:\xampp1\htdocs\TC_Arena\public\index.php(37): CodeIgniter\CodeIgniter->run()
#8 C:\xampp1\htdocs\TC_Arena\system\Commands\Server\rewrite.php(43): require_once('C:\\xampp1\\htdoc...')
#9 {main}
CRITICAL - 2022-03-03 09:29:00 --> Function name must be a string
#0 C:\xampp1\htdocs\TC_Arena\system\View\View.php(210): include()
#1 C:\xampp1\htdocs\TC_Arena\system\View\View.php(213): CodeIgniter\View\View->CodeIgniter\View\{closure}()
#2 C:\xampp1\htdocs\TC_Arena\system\Common.php(1089): CodeIgniter\View\View->render('index_admin', Array, true)
#3 C:\xampp1\htdocs\TC_Arena\app\Controllers\Index_admin.php(14): view('index_admin', Array)
#4 C:\xampp1\htdocs\TC_Arena\system\CodeIgniter.php(825): App\Controllers\index_admin->Index_admin()
#5 C:\xampp1\htdocs\TC_Arena\system\CodeIgniter.php(412): CodeIgniter\CodeIgniter->runController(Object(App\Controllers\index_admin))
#6 C:\xampp1\htdocs\TC_Arena\system\CodeIgniter.php(320): CodeIgniter\CodeIgniter->handleRequest(NULL, Object(Config\Cache), false)
#7 C:\xampp1\htdocs\TC_Arena\public\index.php(37): CodeIgniter\CodeIgniter->run()
#8 C:\xampp1\htdocs\TC_Arena\system\Commands\Server\rewrite.php(43): require_once('C:\\xampp1\\htdoc...')
#9 {main}
CRITICAL - 2022-03-03 09:29:45 --> Function name must be a string
#0 C:\xampp1\htdocs\TC_Arena\system\View\View.php(210): include()
#1 C:\xampp1\htdocs\TC_Arena\system\View\View.php(213): CodeIgniter\View\View->CodeIgniter\View\{closure}()
#2 C:\xampp1\htdocs\TC_Arena\system\Common.php(1089): CodeIgniter\View\View->render('index_admin', Array, true)
#3 C:\xampp1\htdocs\TC_Arena\app\Controllers\Index_admin.php(14): view('index_admin', Array)
#4 C:\xampp1\htdocs\TC_Arena\system\CodeIgniter.php(825): App\Controllers\index_admin->Index_admin()
#5 C:\xampp1\htdocs\TC_Arena\system\CodeIgniter.php(412): CodeIgniter\CodeIgniter->runController(Object(App\Controllers\index_admin))
#6 C:\xampp1\htdocs\TC_Arena\system\CodeIgniter.php(320): CodeIgniter\CodeIgniter->handleRequest(NULL, Object(Config\Cache), false)
#7 C:\xampp1\htdocs\TC_Arena\public\index.php(37): CodeIgniter\CodeIgniter->run()
#8 C:\xampp1\htdocs\TC_Arena\system\Commands\Server\rewrite.php(43): require_once('C:\\xampp1\\htdoc...')
#9 {main}
CRITICAL - 2022-03-03 09:29:46 --> Function name must be a string
#0 C:\xampp1\htdocs\TC_Arena\system\View\View.php(210): include()
#1 C:\xampp1\htdocs\TC_Arena\system\View\View.php(213): CodeIgniter\View\View->CodeIgniter\View\{closure}()
#2 C:\xampp1\htdocs\TC_Arena\system\Common.php(1089): CodeIgniter\View\View->render('index_admin', Array, true)
#3 C:\xampp1\htdocs\TC_Arena\app\Controllers\Index_admin.php(14): view('index_admin', Array)
#4 C:\xampp1\htdocs\TC_Arena\system\CodeIgniter.php(825): App\Controllers\index_admin->Index_admin()
#5 C:\xampp1\htdocs\TC_Arena\system\CodeIgniter.php(412): CodeIgniter\CodeIgniter->runController(Object(App\Controllers\index_admin))
#6 C:\xampp1\htdocs\TC_Arena\system\CodeIgniter.php(320): CodeIgniter\CodeIgniter->handleRequest(NULL, Object(Config\Cache), false)
#7 C:\xampp1\htdocs\TC_Arena\public\index.php(37): CodeIgniter\CodeIgniter->run()
#8 C:\xampp1\htdocs\TC_Arena\system\Commands\Server\rewrite.php(43): require_once('C:\\xampp1\\htdoc...')
#9 {main}
CRITICAL - 2022-03-03 09:30:23 --> Function name must be a string
#0 C:\xampp1\htdocs\TC_Arena\system\View\View.php(210): include()
#1 C:\xampp1\htdocs\TC_Arena\system\View\View.php(213): CodeIgniter\View\View->CodeIgniter\View\{closure}()
#2 C:\xampp1\htdocs\TC_Arena\system\Common.php(1089): CodeIgniter\View\View->render('index_admin', Array, true)
#3 C:\xampp1\htdocs\TC_Arena\app\Controllers\Index_admin.php(14): view('index_admin', Array)
#4 C:\xampp1\htdocs\TC_Arena\system\CodeIgniter.php(825): App\Controllers\index_admin->Index_admin()
#5 C:\xampp1\htdocs\TC_Arena\system\CodeIgniter.php(412): CodeIgniter\CodeIgniter->runController(Object(App\Controllers\index_admin))
#6 C:\xampp1\htdocs\TC_Arena\system\CodeIgniter.php(320): CodeIgniter\CodeIgniter->handleRequest(NULL, Object(Config\Cache), false)
#7 C:\xampp1\htdocs\TC_Arena\public\index.php(37): CodeIgniter\CodeIgniter->run()
#8 C:\xampp1\htdocs\TC_Arena\system\Commands\Server\rewrite.php(43): require_once('C:\\xampp1\\htdoc...')
#9 {main}
CRITICAL - 2022-03-03 09:35:11 --> Call to a member function get() on array
#0 C:\xampp1\htdocs\TC_Arena\system\View\View.php(210): include()
#1 C:\xampp1\htdocs\TC_Arena\system\View\View.php(213): CodeIgniter\View\View->CodeIgniter\View\{closure}()
#2 C:\xampp1\htdocs\TC_Arena\system\Common.php(1089): CodeIgniter\View\View->render('index_admin', Array, true)
#3 C:\xampp1\htdocs\TC_Arena\app\Controllers\Index_admin.php(14): view('index_admin', Array)
#4 C:\xampp1\htdocs\TC_Arena\system\CodeIgniter.php(825): App\Controllers\index_admin->Index_admin()
#5 C:\xampp1\htdocs\TC_Arena\system\CodeIgniter.php(412): CodeIgniter\CodeIgniter->runController(Object(App\Controllers\index_admin))
#6 C:\xampp1\htdocs\TC_Arena\system\CodeIgniter.php(320): CodeIgniter\CodeIgniter->handleRequest(NULL, Object(Config\Cache), false)
#7 C:\xampp1\htdocs\TC_Arena\public\index.php(37): CodeIgniter\CodeIgniter->run()
#8 C:\xampp1\htdocs\TC_Arena\system\Commands\Server\rewrite.php(43): require_once('C:\\xampp1\\htdoc...')
#9 {main}
CRITICAL - 2022-03-03 09:35:21 --> Call to a member function get() on array
#0 C:\xampp1\htdocs\TC_Arena\system\View\View.php(210): include()
#1 C:\xampp1\htdocs\TC_Arena\system\View\View.php(213): CodeIgniter\View\View->CodeIgniter\View\{closure}()
#2 C:\xampp1\htdocs\TC_Arena\system\Common.php(1089): CodeIgniter\View\View->render('index_admin', Array, true)
#3 C:\xampp1\htdocs\TC_Arena\app\Controllers\Index_admin.php(14): view('index_admin', Array)
#4 C:\xampp1\htdocs\TC_Arena\system\CodeIgniter.php(825): App\Controllers\index_admin->Index_admin()
#5 C:\xampp1\htdocs\TC_Arena\system\CodeIgniter.php(412): CodeIgniter\CodeIgniter->runController(Object(App\Controllers\index_admin))
#6 C:\xampp1\htdocs\TC_Arena\system\CodeIgniter.php(320): CodeIgniter\CodeIgniter->handleRequest(NULL, Object(Config\Cache), false)
#7 C:\xampp1\htdocs\TC_Arena\public\index.php(37): CodeIgniter\CodeIgniter->run()
#8 C:\xampp1\htdocs\TC_Arena\system\Commands\Server\rewrite.php(43): require_once('C:\\xampp1\\htdoc...')
#9 {main}
CRITICAL - 2022-03-03 09:35:29 --> Function name must be a string
#0 C:\xampp1\htdocs\TC_Arena\system\View\View.php(210): include()
#1 C:\xampp1\htdocs\TC_Arena\system\View\View.php(213): CodeIgniter\View\View->CodeIgniter\View\{closure}()
#2 C:\xampp1\htdocs\TC_Arena\system\Common.php(1089): CodeIgniter\View\View->render('index_admin', Array, true)
#3 C:\xampp1\htdocs\TC_Arena\app\Controllers\Index_admin.php(14): view('index_admin', Array)
#4 C:\xampp1\htdocs\TC_Arena\system\CodeIgniter.php(825): App\Controllers\index_admin->Index_admin()
#5 C:\xampp1\htdocs\TC_Arena\system\CodeIgniter.php(412): CodeIgniter\CodeIgniter->runController(Object(App\Controllers\index_admin))
#6 C:\xampp1\htdocs\TC_Arena\system\CodeIgniter.php(320): CodeIgniter\CodeIgniter->handleRequest(NULL, Object(Config\Cache), false)
#7 C:\xampp1\htdocs\TC_Arena\public\index.php(37): CodeIgniter\CodeIgniter->run()
#8 C:\xampp1\htdocs\TC_Arena\system\Commands\Server\rewrite.php(43): require_once('C:\\xampp1\\htdoc...')
#9 {main}
CRITICAL - 2022-03-03 09:35:35 --> Call to a member function get() on array
#0 C:\xampp1\htdocs\TC_Arena\system\View\View.php(210): include()
#1 C:\xampp1\htdocs\TC_Arena\system\View\View.php(213): CodeIgniter\View\View->CodeIgniter\View\{closure}()
#2 C:\xampp1\htdocs\TC_Arena\system\Common.php(1089): CodeIgniter\View\View->render('index_admin', Array, true)
#3 C:\xampp1\htdocs\TC_Arena\app\Controllers\Index_admin.php(14): view('index_admin', Array)
#4 C:\xampp1\htdocs\TC_Arena\system\CodeIgniter.php(825): App\Controllers\index_admin->Index_admin()
#5 C:\xampp1\htdocs\TC_Arena\system\CodeIgniter.php(412): CodeIgniter\CodeIgniter->runController(Object(App\Controllers\index_admin))
#6 C:\xampp1\htdocs\TC_Arena\system\CodeIgniter.php(320): CodeIgniter\CodeIgniter->handleRequest(NULL, Object(Config\Cache), false)
#7 C:\xampp1\htdocs\TC_Arena\public\index.php(37): CodeIgniter\CodeIgniter->run()
#8 C:\xampp1\htdocs\TC_Arena\system\Commands\Server\rewrite.php(43): require_once('C:\\xampp1\\htdoc...')
#9 {main}
